# JRE version: OpenJDK Runtime Environment (8.0_76-b03) (build 1.8.0_76-release-b03)
# Java VM: OpenJDK 64-Bit Server VM (25.76-b03 mixed mode windows-amd64 compressed oops)
Heap:
 PSYoungGen      total 114176K, used 63459K [0x000000076ab00000, 0x0000000772700000, 0x00000007c0000000)
  eden space 100864K, 62% used [0x000000076ab00000,0x000000076e8f8ff0,0x0000000770d80000)
  from space 13312K, 0% used [0x0000000771a00000,0x0000000771a00000,0x0000000772700000)
  to   space 12800K, 0% used [0x0000000770d80000,0x0000000770d80000,0x0000000771a00000)
 ParOldGen       total 91136K, used 42365K [0x00000006c0000000, 0x00000006c5900000, 0x000000076ab00000)
  object space 91136K, 46% used [0x00000006c0000000,0x00000006c295f468,0x00000006c5900000)
 Metaspace       used 59249K, capacity 61000K, committed 61056K, reserved 1101824K
  class space    used 7861K, capacity 8264K, committed 8320K, reserved 1048576K
GC Heap History (10 events):
Event: 46.054 GC heap before
{Heap before GC invocations=17 (full 2):
 PSYoungGen      total 66048K, used 63170K [0x000000076ab00000, 0x000000076f980000, 0x00000007c0000000)
  eden space 54272K, 100% used [0x000000076ab00000,0x000000076e000000,0x000000076e000000)
  from space 11776K, 75% used [0x000000076ec00000,0x000000076f4b0a98,0x000000076f780000)
  to   space 12288K, 0% used [0x000000076e000000,0x000000076e000000,0x000000076ec00000)
 ParOldGen       total 52736K, used 18057K [0x00000006c0000000, 0x00000006c3380000, 0x000000076ab00000)
  object space 52736K, 34% used [0x00000006c0000000,0x00000006c11a2510,0x00000006c3380000)
 Metaspace       used 48533K, capacity 49670K, committed 49920K, reserved 1091584K
  class space    used 6494K, capacity 6795K, committed 6912K, reserved 1048576K
Event: 46.066 GC heap after
Heap after GC invocations=17 (full 2):
 PSYoungGen      total 66560K, used 11769K [0x000000076ab00000, 0x0000000771400000, 0x00000007c0000000)
  eden space 54272K, 0% used [0x000000076ab00000,0x000000076ab00000,0x000000076e000000)
  from space 12288K, 95% used [0x000000076e000000,0x000000076eb7e7c0,0x000000076ec00000)
  to   space 13824K, 0% used [0x0000000770680000,0x0000000770680000,0x0000000771400000)
 ParOldGen       total 52736K, used 19801K [0x00000006c0000000, 0x00000006c3380000, 0x000000076ab00000)
  object space 52736K, 37% used [0x00000006c0000000,0x00000006c1356510,0x00000006c3380000)
 Metaspace       used 48533K, capacity 49670K, committed 49920K, reserved 1091584K
  class space    used 6494K, capacity 6795K, committed 6912K, reserved 1048576K
}
Event: 49.683 GC heap before
{Heap before GC invocations=18 (full 2):
 PSYoungGen      total 66560K, used 66041K [0x000000076ab00000, 0x0000000771400000, 0x00000007c0000000)
  eden space 54272K, 100% used [0x000000076ab00000,0x000000076e000000,0x000000076e000000)
  from space 12288K, 95% used [0x000000076e000000,0x000000076eb7e7c0,0x000000076ec00000)
  to   space 13824K, 0% used [0x0000000770680000,0x0000000770680000,0x0000000771400000)
 ParOldGen       total 52736K, used 19801K [0x00000006c0000000, 0x00000006c3380000, 0x000000076ab00000)
  object space 52736K, 37% used [0x00000006c0000000,0x00000006c1356510,0x00000006c3380000)
 Metaspace       used 50117K, capacity 51502K, committed 51584K, reserved 1093632K
  class space    used 6687K, capacity 7025K, committed 7040K, reserved 1048576K
Event: 49.700 GC heap after
Heap after GC invocations=18 (full 2):
 PSYoungGen      total 89600K, used 6540K [0x000000076ab00000, 0x0000000771180000, 0x00000007c0000000)
  eden space 78336K, 0% used [0x000000076ab00000,0x000000076ab00000,0x000000076f780000)
  from space 11264K, 58% used [0x0000000770680000,0x0000000770ce3360,0x0000000771180000)
  to   space 13312K, 0% used [0x000000076f780000,0x000000076f780000,0x0000000770480000)
 ParOldGen       total 52736K, used 26650K [0x00000006c0000000, 0x00000006c3380000, 0x000000076ab00000)
  object space 52736K, 50% used [0x00000006c0000000,0x00000006c1a06bf8,0x00000006c3380000)
 Metaspace       used 50117K, capacity 51502K, committed 51584K, reserved 1093632K
  class space    used 6687K, capacity 7025K, committed 7040K, reserved 1048576K
}
Event: 52.297 GC heap before
{Heap before GC invocations=19 (full 2):
 PSYoungGen      total 89600K, used 84876K [0x000000076ab00000, 0x0000000771180000, 0x00000007c0000000)
  eden space 78336K, 100% used [0x000000076ab00000,0x000000076f780000,0x000000076f780000)
  from space 11264K, 58% used [0x0000000770680000,0x0000000770ce3360,0x0000000771180000)
  to   space 13312K, 0% used [0x000000076f780000,0x000000076f780000,0x0000000770480000)
 ParOldGen       total 52736K, used 26650K [0x00000006c0000000, 0x00000006c3380000, 0x000000076ab00000)
  object space 52736K, 50% used [0x00000006c0000000,0x00000006c1a06bf8,0x00000006c3380000)
 Metaspace       used 53011K, capacity 54574K, committed 54912K, reserved 1097728K
  class space    used 7104K, capacity 7450K, committed 7552K, reserved 1048576K
Event: 52.311 GC heap after
Heap after GC invocations=19 (full 2):
 PSYoungGen      total 91648K, used 9071K [0x000000076ab00000, 0x0000000772700000, 0x00000007c0000000)
  eden space 78336K, 0% used [0x000000076ab00000,0x000000076ab00000,0x000000076f780000)
  from space 13312K, 68% used [0x000000076f780000,0x000000077005be00,0x0000000770480000)
  to   space 13312K, 0% used [0x0000000771a00000,0x0000000771a00000,0x0000000772700000)
 ParOldGen       total 52736K, used 31151K [0x00000006c0000000, 0x00000006c3380000, 0x000000076ab00000)
  object space 52736K, 59% used [0x00000006c0000000,0x00000006c1e6be50,0x00000006c3380000)
 Metaspace       used 53011K, capacity 54574K, committed 54912K, reserved 1097728K
  class space    used 7104K, capacity 7450K, committed 7552K, reserved 1048576K
}
Event: 52.807 GC heap before
{Heap before GC invocations=20 (full 2):
 PSYoungGen      total 91648K, used 61015K [0x000000076ab00000, 0x0000000772700000, 0x00000007c0000000)
  eden space 78336K, 66% used [0x000000076ab00000,0x000000076ddba0d0,0x000000076f780000)
  from space 13312K, 68% used [0x000000076f780000,0x000000077005be00,0x0000000770480000)
  to   space 13312K, 0% used [0x0000000771a00000,0x0000000771a00000,0x0000000772700000)
 ParOldGen       total 52736K, used 31151K [0x00000006c0000000, 0x00000006c3380000, 0x000000076ab00000)
  object space 52736K, 59% used [0x00000006c0000000,0x00000006c1e6be50,0x00000006c3380000)
 Metaspace       used 57454K, capacity 59010K, committed 59136K, reserved 1099776K
  class space    used 7574K, capacity 7910K, committed 7936K, reserved 1048576K
Event: 52.818 GC heap after
Heap after GC invocations=20 (full 2):
 PSYoungGen      total 114176K, used 6310K [0x000000076ab00000, 0x0000000772700000, 0x00000007c0000000)
  eden space 100864K, 0% used [0x000000076ab00000,0x000000076ab00000,0x0000000770d80000)
  from space 13312K, 47% used [0x0000000771a00000,0x0000000772029bf0,0x0000000772700000)
  to   space 12800K, 0% used [0x0000000770d80000,0x0000000770d80000,0x0000000771a00000)
 ParOldGen       total 52736K, used 38773K [0x00000006c0000000, 0x00000006c3380000, 0x000000076ab00000)
  object space 52736K, 73% used [0x00000006c0000000,0x00000006c25dd508,0x00000006c3380000)
 Metaspace       used 57454K, capacity 59010K, committed 59136K, reserved 1099776K
  class space    used 7574K, capacity 7910K, committed 7936K, reserved 1048576K
}
Event: 52.818 GC heap before
{Heap before GC invocations=21 (full 3):
 PSYoungGen      total 114176K, used 6310K [0x000000076ab00000, 0x0000000772700000, 0x00000007c0000000)
  eden space 100864K, 0% used [0x000000076ab00000,0x000000076ab00000,0x0000000770d80000)
  from space 13312K, 47% used [0x0000000771a00000,0x0000000772029bf0,0x0000000772700000)
  to   space 12800K, 0% used [0x0000000770d80000,0x0000000770d80000,0x0000000771a00000)
 ParOldGen       total 52736K, used 38773K [0x00000006c0000000, 0x00000006c3380000, 0x000000076ab00000)
  object space 52736K, 73% used [0x00000006c0000000,0x00000006c25dd508,0x00000006c3380000)
 Metaspace       used 57454K, capacity 59010K, committed 59136K, reserved 1099776K
  class space    used 7574K, capacity 7910K, committed 7936K, reserved 1048576K
Event: 53.168 GC heap after
Heap after GC invocations=21 (full 3):
 PSYoungGen      total 114176K, used 0K [0x000000076ab00000, 0x0000000772700000, 0x00000007c0000000)
  eden space 100864K, 0% used [0x000000076ab00000,0x000000076ab00000,0x0000000770d80000)
  from space 13312K, 0% used [0x0000000771a00000,0x0000000771a00000,0x0000000772700000)
  to   space 12800K, 0% used [0x0000000770d80000,0x0000000770d80000,0x0000000771a00000)
 ParOldGen       total 91136K, used 42365K [0x00000006c0000000, 0x00000006c5900000, 0x000000076ab00000)
  object space 91136K, 46% used [0x00000006c0000000,0x00000006c295f468,0x00000006c5900000)
 Metaspace       used 57435K, capacity 58988K, committed 59136K, reserved 1099776K
  class space    used 7568K, capacity 7904K, committed 7936K, reserved 1048576K
}

